2021/06/18 17:37:55 lll : cscdcd
2021/06/18 17:37:56 lll : sdcmds
2021/06/18 17:37:57 lll : sdv,sdv
2021/06/18 17:40:56 12 : sdcdhbcs
2021/06/18 17:40:58 12 : scdc
2021/06/18 17:40:59 12 : sdcdc
2021/06/18 17:52:12 lll exit
2021/06/18 17:54:49 a : scds
2021/06/18 17:54:51 a : exit
2021/06/18 17:57:19 2 : dsds
2021/06/18 17:57:20 2 : exit
2021/06/18 17:58:53 123 : dsd
2021/06/18 17:58:54 123 : sdcdscs
2021/06/18 17:59:07 2222 : dcsc
2021/06/18 17:59:09 2222 : sdcdc
2021/06/18 18:04:56 u2 : cdsdc
2021/06/18 18:04:58 u1 : cccc
2021/06/18 18:05:03 u2 : acdcsdccd
2021/06/18 18:05:06 u1 : dscdcd
2021/06/18 18:05:34 u3 : aaa
2021/06/18 18:19:01 lll : exit
2021/06/18 18:29:03 u2 : dffd
2021/06/18 18:29:05 u1 : fdffd
2021/06/18 18:33:49 lll : hi
2021/06/18 18:34:04 u1 : csc
2021/06/18 19:42:53 u2 : sxasx
2021/06/18 19:43:25 u3 : hi
2021/06/18 19:43:28 u2 : hi
2021/06/18 19:43:32 u1 : hi
2021/06/18 19:44:51 aaa : xsmkax
2021/06/18 19:44:53 lll : xasx
2021/06/18 20:05:41 u2 : xxs
2021/06/18 20:05:42 close tcp [::1]:8080->[::1]:58728: use of closed network connection
2021/06/18 20:05:58 u2 : sadasd
2021/06/18 20:06:00 u1 : adads
2021/06/18 20:06:01 close tcp [::1]:8080->[::1]:58725: use of closed network connection
2021/06/18 20:06:02 close tcp [::1]:8080->[::1]:58730: use of closed network connection
2021/06/18 20:28:24 u1 : hi
2021/06/18 20:28:36 close tcp [::1]:8080->[::1]:58808: use of closed network connection
2021/06/18 21:32:53 lll : csdv
2021/06/21 10:13:47 aaa : csc
2021/06/21 10:13:51 close tcp [::1]:8080->[::1]:60425: use of closed network connection
2021/06/21 10:14:29 u1 : sdds
2021/06/21 10:14:30 u1 : sdfdf
2021/06/21 10:14:32 u1 : sdfd
2021/06/21 10:14:33 close tcp [::1]:8080->[::1]:60433: use of closed network connection
2021/06/21 10:14:36 u1 : csdc
2021/06/21 10:14:38 close tcp [::1]:8080->[::1]:60434: use of closed network connection
